{"name": "test_addEmployee", "status": "broken", "statusDetails": {"message": "selenium.common.exceptions.InvalidArgumentException: Message: invalid argument: File not found : C:\\Users\\prade\\PycharmProjects\\allGeo_webApp\\src\\Resources\\Download\\employee-sample.csv\n  (Session info: chrome-headless-shell=123.0.6312.123)\nStacktrace:\n\tGetHandleVerifier [0x00007FF7A3517032+63090]\n\t(No symbol) [0x00007FF7A3482C82]\n\t(No symbol) [0x00007FF7A331EC65]\n\t(No symbol) [0x00007FF7A335DB31]\n\t(No symbol) [0x00007FF7A3386FDA]\n\t(No symbol) [0x00007FF7A335A00A]\n\t(No symbol) [0x00007FF7A33871F0]\n\t(No symbol) [0x00007FF7A33A3412]\n\t(No symbol) [0x00007FF7A3386D83]\n\t(No symbol) [0x00007FF7A33583A8]\n\t(No symbol) [0x00007FF7A3359441]\n\tGetHandleVerifier [0x00007FF7A39125AD+4238317]\n\tGetHandleVerifier [0x00007FF7A394F70D+4488525]\n\tGetHandleVerifier [0x00007FF7A39479EF+4456495]\n\tGetHandleVerifier [0x00007FF7A35F0576+953270]\n\t(No symbol) [0x00007FF7A348E54F]\n\t(No symbol) [0x00007FF7A3489224]\n\t(No symbol) [0x00007FF7A348935B]\n\t(No symbol) [0x00007FF7A3479B94]\n\tBaseThreadInitThunk [0x00007FF802F4257D+29]\n\tRtlUserThreadStart [0x00007FF80460AA58+40]", "trace": "self = <test_T1097932.Test_Company object at 0x000001D7FF3D0990>\n\n    @pytestrail.case('C34854', 'C34855')\n    def test_addEmployee(self):\n        self.loginPage = LoginPage(self.driver)\n        self.loginPage.user_login(config.AccoundID, config.UserName, config.Password)\n        self.monitorPage = MonitorPage(self.driver)\n        page_found = self.monitorPage.getPageTitle(\"Monitor\")\n        assert page_found\n        self.leftNavigationPanelPage = LeftNavigationPanelPage(self.driver)\n        self.leftNavigationPanelPage.click_Company()\n        self.employeesPage = EmployeesPage(self.driver)\n        self.employeesPage.click_Addnew()\n        self.employeesPage.click_MutipleTab()\n        time.sleep(2)\n        self.employeesPage.click_DownloadEmployeeData()\n        time.sleep(2)\n        file_path = str(Path.home()) + \"\\\\PycharmProjects\\\\allGeo_webApp\\\\src\\\\Resources\\\\Download\\\\employee-sample.csv\"\n        color = self.employeesPage.getColorOfAddButton()\n        print(\"Before selecting file, color of add button: \", color)\n        assert \"rgba(235, 235, 235, 1)\" == color\n>       self.employeesPage.uploadCSVFile(file_path)\n\nsrc\\Tests\\SmokeSanityTestSuite\\Company\\Employees\\MainView\\EmployeesCRUD_UI\\test_T1097932.py:34: \n_ _ _ _ _ _ _ _ _ _ _ _ _ _ _ _ _ _ _ _ _ _ _ _ _ _ _ _ _ _ _ _ _ _ _ _ _ _ _ _ _ _ _ _ _ _ _ _ _ _ _ _ _ _ _ _ _ _ _ _ _ _ _ _ _ _ _ _ _ _ _ _ _\nsrc\\PageObjects\\Company\\Employees\\MainView\\EmployeesCRUD_UI\\EmployeesPage.py:217: in uploadCSVFile\n    element.send_keys(file_path)\nvenv\\Lib\\site-packages\\selenium\\webdriver\\remote\\webelement.py:231: in send_keys\n    self._execute(\nvenv\\Lib\\site-packages\\selenium\\webdriver\\remote\\webelement.py:395: in _execute\n    return self._parent.execute(command, params)\nvenv\\Lib\\site-packages\\selenium\\webdriver\\remote\\webdriver.py:347: in execute\n    self.error_handler.check_response(response)\n_ _ _ _ _ _ _ _ _ _ _ _ _ _ _ _ _ _ _ _ _ _ _ _ _ _ _ _ _ _ _ _ _ _ _ _ _ _ _ _ _ _ _ _ _ _ _ _ _ _ _ _ _ _ _ _ _ _ _ _ _ _ _ _ _ _ _ _ _ _ _ _ _\n\nself = <selenium.webdriver.remote.errorhandler.ErrorHandler object at 0x000001D7FF847490>\nresponse = {'status': 400, 'value': '{\"value\":{\"error\":\"invalid argument\",\"message\":\"invalid argument: File not found : C:\\\\\\\\Use...07FF7A3479B94]\\\\n\\\\tBaseThreadInitThunk [0x00007FF802F4257D+29]\\\\n\\\\tRtlUserThreadStart [0x00007FF80460AA58+40]\\\\n\"}}'}\n\n    def check_response(self, response: Dict[str, Any]) -> None:\n        \"\"\"Checks that a JSON response from the WebDriver does not have an\n        error.\n    \n        :Args:\n         - response - The JSON response from the WebDriver server as a dictionary\n           object.\n    \n        :Raises: If the response contains an error message.\n        \"\"\"\n        status = response.get(\"status\", None)\n        if not status or status == ErrorCode.SUCCESS:\n            return\n        value = None\n        message = response.get(\"message\", \"\")\n        screen: str = response.get(\"screen\", \"\")\n        stacktrace = None\n        if isinstance(status, int):\n            value_json = response.get(\"value\", None)\n            if value_json and isinstance(value_json, str):\n                import json\n    \n                try:\n                    value = json.loads(value_json)\n                    if len(value) == 1:\n                        value = value[\"value\"]\n                    status = value.get(\"error\", None)\n                    if not status:\n                        status = value.get(\"status\", ErrorCode.UNKNOWN_ERROR)\n                        message = value.get(\"value\") or value.get(\"message\")\n                        if not isinstance(message, str):\n                            value = message\n                            message = message.get(\"message\")\n                    else:\n                        message = value.get(\"message\", None)\n                except ValueError:\n                    pass\n    \n        exception_class: Type[WebDriverException]\n        e = ErrorCode()\n        error_codes = [item for item in dir(e) if not item.startswith(\"__\")]\n        for error_code in error_codes:\n            error_info = getattr(ErrorCode, error_code)\n            if isinstance(error_info, list) and status in error_info:\n                exception_class = getattr(ExceptionMapping, error_code, WebDriverException)\n                break\n        else:\n            exception_class = WebDriverException\n    \n        if not value:\n            value = response[\"value\"]\n        if isinstance(value, str):\n            raise exception_class(value)\n        if message == \"\" and \"message\" in value:\n            message = value[\"message\"]\n    \n        screen = None  # type: ignore[assignment]\n        if \"screen\" in value:\n            screen = value[\"screen\"]\n    \n        stacktrace = None\n        st_value = value.get(\"stackTrace\") or value.get(\"stacktrace\")\n        if st_value:\n            if isinstance(st_value, str):\n                stacktrace = st_value.split(\"\\n\")\n            else:\n                stacktrace = []\n                try:\n                    for frame in st_value:\n                        line = frame.get(\"lineNumber\", \"\")\n                        file = frame.get(\"fileName\", \"<anonymous>\")\n                        if line:\n                            file = f\"{file}:{line}\"\n                        meth = frame.get(\"methodName\", \"<anonymous>\")\n                        if \"className\" in frame:\n                            meth = f\"{frame['className']}.{meth}\"\n                        msg = \"    at %s (%s)\"\n                        msg = msg % (meth, file)\n                        stacktrace.append(msg)\n                except TypeError:\n                    pass\n        if exception_class == UnexpectedAlertPresentException:\n            alert_text = None\n            if \"data\" in value:\n                alert_text = value[\"data\"].get(\"text\")\n            elif \"alert\" in value:\n                alert_text = value[\"alert\"].get(\"text\")\n            raise exception_class(message, screen, stacktrace, alert_text)  # type: ignore[call-arg]  # mypy is not smart enough here\n>       raise exception_class(message, screen, stacktrace)\nE       selenium.common.exceptions.InvalidArgumentException: Message: invalid argument: File not found : C:\\Users\\prade\\PycharmProjects\\allGeo_webApp\\src\\Resources\\Download\\employee-sample.csv\nE         (Session info: chrome-headless-shell=123.0.6312.123)\nE       Stacktrace:\nE       \tGetHandleVerifier [0x00007FF7A3517032+63090]\nE       \t(No symbol) [0x00007FF7A3482C82]\nE       \t(No symbol) [0x00007FF7A331EC65]\nE       \t(No symbol) [0x00007FF7A335DB31]\nE       \t(No symbol) [0x00007FF7A3386FDA]\nE       \t(No symbol) [0x00007FF7A335A00A]\nE       \t(No symbol) [0x00007FF7A33871F0]\nE       \t(No symbol) [0x00007FF7A33A3412]\nE       \t(No symbol) [0x00007FF7A3386D83]\nE       \t(No symbol) [0x00007FF7A33583A8]\nE       \t(No symbol) [0x00007FF7A3359441]\nE       \tGetHandleVerifier [0x00007FF7A39125AD+4238317]\nE       \tGetHandleVerifier [0x00007FF7A394F70D+4488525]\nE       \tGetHandleVerifier [0x00007FF7A39479EF+4456495]\nE       \tGetHandleVerifier [0x00007FF7A35F0576+953270]\nE       \t(No symbol) [0x00007FF7A348E54F]\nE       \t(No symbol) [0x00007FF7A3489224]\nE       \t(No symbol) [0x00007FF7A348935B]\nE       \t(No symbol) [0x00007FF7A3479B94]\nE       \tBaseThreadInitThunk [0x00007FF802F4257D+29]\nE       \tRtlUserThreadStart [0x00007FF80460AA58+40]\n\nvenv\\Lib\\site-packages\\selenium\\webdriver\\remote\\errorhandler.py:229: InvalidArgumentException"}, "start": 1713332958576, "stop": 1713332970363, "uuid": "c669d127-4034-4ee9-888f-ebf7c203c127", "historyId": "71a9444e91b29009b6460a3c489e7221", "testCaseId": "71a9444e91b29009b6460a3c489e7221", "fullName": "src.Tests.SmokeSanityTestSuite.Company.Employees.MainView.EmployeesCRUD_UI.test_T1097932.Test_Company#test_addEmployee", "labels": [{"name": "tag", "value": "testrail(ids=('C34854', 'C34855'))"}, {"name": "tag", "value": "@pytest.mark.usefixtures('setup_driver')"}, {"name": "parentSuite", "value": "src.Tests.SmokeSanityTestSuite.Company.Employees.MainView.EmployeesCRUD_UI"}, {"name": "suite", "value": "test_T1097932"}, {"name": "subSuite", "value": "Test_Company"}, {"name": "host", "value": "IN-QA-LT-01"}, {"name": "thread", "value": "263824-MainThread"}, {"name": "framework", "value": "pytest"}, {"name": "language", "value": "cpython3"}, {"name": "package", "value": "src.Tests.SmokeSanityTestSuite.Company.Employees.MainView.EmployeesCRUD_UI.test_T1097932"}]}