{"name": "test_addEmployee", "status": "broken", "statusDetails": {"message": "selenium.common.exceptions.TimeoutException: Message: \nStacktrace:\n\tGetHandleVerifier [0x00007FF7C0C61522+60802]\n\t(No symbol) [0x00007FF7C0BDAC22]\n\t(No symbol) [0x00007FF7C0A97CE4]\n\t(No symbol) [0x00007FF7C0AE6D4D]\n\t(No symbol) [0x00007FF7C0AE6E1C]\n\t(No symbol) [0x00007FF7C0B2CE37]\n\t(No symbol) [0x00007FF7C0B0ABBF]\n\t(No symbol) [0x00007FF7C0B2A224]\n\t(No symbol) [0x00007FF7C0B0A923]\n\t(No symbol) [0x00007FF7C0AD8FEC]\n\t(No symbol) [0x00007FF7C0AD9C21]\n\tGetHandleVerifier [0x00007FF7C0F6413D+3217821]\n\tGetHandleVerifier [0x00007FF7C0FA60D7+3488055]\n\tGetHandleVerifier [0x00007FF7C0F9F05F+3459263]\n\tGetHandleVerifier [0x00007FF7C0D1B866+823494]\n\t(No symbol) [0x00007FF7C0BE5FBF]\n\t(No symbol) [0x00007FF7C0BE0EE4]\n\t(No symbol) [0x00007FF7C0BE1072]\n\t(No symbol) [0x00007FF7C0BD18C4]\n\tBaseThreadInitThunk [0x00007FF802F4257D+29]\n\tRtlUserThreadStart [0x00007FF80460AA58+40]", "trace": "self = <test_T1097067.Test_Company object at 0x0000022978AC9710>\n\n    @pytestrail.case('C25740')\n    def test_addEmployee(self):\n        self.loginPage = LoginPage(self.driver)\n        self.loginPage.user_login(config.AccoundID, config.UserName, config.Password)\n        self.monitorPage = MonitorPage(self.driver)\n        page_found = self.monitorPage.getPageTitle(\"Monitor\")\n        assert page_found\n        self.leftNavigationPanelPage = LeftNavigationPanelPage(self.driver)\n        self.leftNavigationPanelPage.click_Company()\n        self.employeesPage = EmployeesPage(self.driver)\n        self.employeesPage.click_Addnew()\n        time.sleep(2)\n        empName = self.employeesPage.generate_random_string(7)\n        empPhone = self.employeesPage.generate_random_phone_number()\n        self.employeesPage.populate_addEmployeeForm(empName, empPhone)\n        self.employeesPage.accept_termCheckbox()\n        self.employeesPage.click_Add()\n        assert self.employeesPage.validate_SuccessUpdateMessage(\"Successfully\")\n        time.sleep(2)\n        self.employeesPage.click_edit_for_employee(empPhone)\n        self.editEmployeesPage = EditEmployeesPage(self.driver)\n        assert self.editEmployeesPage.validateHeaderTitle()\n>       self.editEmployeesPage.get_selectedEmployeeType()\n\nsrc\\Tests\\SmokeSanityTestSuite\\Company\\Employees\\Device\\DeviceUI\\test_T1097067.py:36: \n_ _ _ _ _ _ _ _ _ _ _ _ _ _ _ _ _ _ _ _ _ _ _ _ _ _ _ _ _ _ _ _ _ _ _ _ _ _ _ _ _ _ _ _ _ _ _ _ _ _ _ _ _ _ _ _ _ _ _ _ _ _ _ _ _ _ _ _ _ _ _ _ _\nsrc\\PageObjects\\Company\\Employees\\MainView\\EmployeesCRUD_UI\\EditEmployeesPage.py:76: in get_selectedEmployeeType\n    return self.get_selectedValueinDropdown(self.EmployeeType)\nsrc\\PageObjects\\BasePage\\BasePage.py:171: in get_selectedValueinDropdown\n    element = WebDriverWait(self.driver, 10).until(ec.visibility_of_element_located(by_locator))\n_ _ _ _ _ _ _ _ _ _ _ _ _ _ _ _ _ _ _ _ _ _ _ _ _ _ _ _ _ _ _ _ _ _ _ _ _ _ _ _ _ _ _ _ _ _ _ _ _ _ _ _ _ _ _ _ _ _ _ _ _ _ _ _ _ _ _ _ _ _ _ _ _\n\nself = <selenium.webdriver.support.wait.WebDriverWait (session=\"456b655c813c4a4189a76d7886a33b54\")>\nmethod = <function visibility_of_element_located.<locals>._predicate at 0x000002297915C9A0>, message = ''\n\n    def until(self, method: Callable[[D], Union[Literal[False], T]], message: str = \"\") -> T:\n        \"\"\"Calls the method provided with the driver as an argument until the \\\n        return value does not evaluate to ``False``.\n    \n        :param method: callable(WebDriver)\n        :param message: optional message for :exc:`TimeoutException`\n        :returns: the result of the last call to `method`\n        :raises: :exc:`selenium.common.exceptions.TimeoutException` if timeout occurs\n        \"\"\"\n        screen = None\n        stacktrace = None\n    \n        end_time = time.monotonic() + self._timeout\n        while True:\n            try:\n                value = method(self._driver)\n                if value:\n                    return value\n            except self._ignored_exceptions as exc:\n                screen = getattr(exc, \"screen\", None)\n                stacktrace = getattr(exc, \"stacktrace\", None)\n            time.sleep(self._poll)\n            if time.monotonic() > end_time:\n                break\n>       raise TimeoutException(message, screen, stacktrace)\nE       selenium.common.exceptions.TimeoutException: Message: \nE       Stacktrace:\nE       \tGetHandleVerifier [0x00007FF7C0C61522+60802]\nE       \t(No symbol) [0x00007FF7C0BDAC22]\nE       \t(No symbol) [0x00007FF7C0A97CE4]\nE       \t(No symbol) [0x00007FF7C0AE6D4D]\nE       \t(No symbol) [0x00007FF7C0AE6E1C]\nE       \t(No symbol) [0x00007FF7C0B2CE37]\nE       \t(No symbol) [0x00007FF7C0B0ABBF]\nE       \t(No symbol) [0x00007FF7C0B2A224]\nE       \t(No symbol) [0x00007FF7C0B0A923]\nE       \t(No symbol) [0x00007FF7C0AD8FEC]\nE       \t(No symbol) [0x00007FF7C0AD9C21]\nE       \tGetHandleVerifier [0x00007FF7C0F6413D+3217821]\nE       \tGetHandleVerifier [0x00007FF7C0FA60D7+3488055]\nE       \tGetHandleVerifier [0x00007FF7C0F9F05F+3459263]\nE       \tGetHandleVerifier [0x00007FF7C0D1B866+823494]\nE       \t(No symbol) [0x00007FF7C0BE5FBF]\nE       \t(No symbol) [0x00007FF7C0BE0EE4]\nE       \t(No symbol) [0x00007FF7C0BE1072]\nE       \t(No symbol) [0x00007FF7C0BD18C4]\nE       \tBaseThreadInitThunk [0x00007FF802F4257D+29]\nE       \tRtlUserThreadStart [0x00007FF80460AA58+40]\n\nvenv\\Lib\\site-packages\\selenium\\webdriver\\support\\wait.py:105: TimeoutException"}, "start": 1713936134255, "stop": 1713936173800, "uuid": "71a1f07a-99a8-4ed0-b017-48cc69ae1ea2", "historyId": "88a11d434ed0d5f2abb43391b88767d8", "testCaseId": "88a11d434ed0d5f2abb43391b88767d8", "fullName": "src.Tests.SmokeSanityTestSuite.Company.Employees.Device.DeviceUI.test_T1097067.Test_Company#test_addEmployee", "labels": [{"name": "tag", "value": "testrail(ids=('C25740',))"}, {"name": "tag", "value": "@pytest.mark.usefixtures('setup_driver')"}, {"name": "parentSuite", "value": "src.Tests.SmokeSanityTestSuite.Company.Employees.Device.DeviceUI"}, {"name": "suite", "value": "test_T1097067"}, {"name": "subSuite", "value": "Test_Company"}, {"name": "host", "value": "IN-QA-LT-01"}, {"name": "thread", "value": "336072-MainThread"}, {"name": "framework", "value": "pytest"}, {"name": "language", "value": "cpython3"}, {"name": "package", "value": "src.Tests.SmokeSanityTestSuite.Company.Employees.Device.DeviceUI.test_T1097067"}]}