{"name": "test_GroupsUI", "status": "broken", "statusDetails": {"message": "selenium.common.exceptions.TimeoutException: Message: \nStacktrace:\n\tGetHandleVerifier [0x00007FF620304D02+56194]\n\t(No symbol) [0x00007FF6202704B2]\n\t(No symbol) [0x00007FF6201176AA]\n\t(No symbol) [0x00007FF6201616D0]\n\t(No symbol) [0x00007FF6201617EC]\n\t(No symbol) [0x00007FF6201A4D77]\n\t(No symbol) [0x00007FF620185EBF]\n\t(No symbol) [0x00007FF6201A2786]\n\t(No symbol) [0x00007FF620185C23]\n\t(No symbol) [0x00007FF620154A45]\n\t(No symbol) [0x00007FF620155AD4]\n\tGetHandleVerifier [0x00007FF62067D5BB+3695675]\n\tGetHandleVerifier [0x00007FF6206D6197+4059159]\n\tGetHandleVerifier [0x00007FF6206CDF63+4025827]\n\tGetHandleVerifier [0x00007FF62039F029+687785]\n\t(No symbol) [0x00007FF62027B508]\n\t(No symbol) [0x00007FF620277564]\n\t(No symbol) [0x00007FF6202776E9]\n\t(No symbol) [0x00007FF620268094]\n\tBaseThreadInitThunk [0x00007FFE5D98257D+29]\n\tRtlUserThreadStart [0x00007FFE5F72AA58+40]", "trace": "self = <test_T1097811.Test_Groups object at 0x0000024B9DB53B10>\n\n    @pytestrail.case('C33056')\n    def test_GroupsUI(self):\n        self.loginPage = LoginPage(self.driver)\n        self.loginPage.user_login(config.AccoundID, config.UserName, config.Password)\n        self.monitorPage = MonitorPage(self.driver)\n        page_found = self.monitorPage.getPageTitle(\"Monitor\")\n        assert page_found\n        self.leftNavigationPanelPage = LeftNavigationPanelPage(self.driver)\n        self.leftNavigationPanelPage.click_Company()\n        self.employeesPage = EmployeesPage(self.driver)\n        time.sleep(5)\n        page_found = self.employeesPage.getPageTitle(\"Employees\")\n        assert page_found\n        self.employeesPage.click_Addnew()\n        time.sleep(2)\n        empName = self.employeesPage.generate_random_string(7)\n        empPhone = self.employeesPage.generate_random_phone_number()\n        self.employeesPage.populate_addEmployeeForm(empName, empPhone)\n        self.employeesPage.accept_termCheckbox()\n        self.employeesPage.click_Add()\n        assert self.employeesPage.validate_SuccessUpdateMessage(\"Successfully\")\n        time.sleep(2)\n        self.leftNavigationPanelPage.click_Monitor()\n        self.monitorPage.click_TrackingSchedularTab()\n        time.sleep(2)\n        page_URL = self.monitorPage.getPageURL()\n        Expected_URL = config.baseURL + \"/ngui/monitor/locate-schedule\"\n        assert Expected_URL == page_URL\n        self.trackingSchedulerPage = TrackingSchedulerPage(self.driver)\n        self.trackingSchedulerPage.click_AddNew()\n        self.addEditTrackingSchedulePage = AddEditTrackingSchedulePage(self.driver)\n        scheduleName = self.addEditTrackingSchedulePage.generate_random_string(5)+\"101\"\n        self.addEditTrackingSchedulePage.enter_ScheduleName(scheduleName)\n        self.addEditTrackingSchedulePage.select_Employee()\n        time.sleep(2)\n        self.addEditTrackingSchedulePage.select_Group(empName)\n        time.sleep(2)\n        self.addEditTrackingSchedulePage.select_ReccuringSchedule()\n>       self.addEditTrackingSchedulePage.set_repeat(\"Weekly\")\n\nsrc\\Tests\\SmokeSanityTestSuite\\Monitor\\TrackingScheduler\\TrackingScheduleUI\\AddRecurringScheduler\\test_T1097811.py:57: \n_ _ _ _ _ _ _ _ _ _ _ _ _ _ _ _ _ _ _ _ _ _ _ _ _ _ _ _ _ _ _ _ _ _ _ _ _ _ _ _ _ _ _ _ _ _ _ _ _ _ _ _ _ _ _ _ _ _ _ _ _ _ _ _ _ _ _ _ _ _ _ _ _\nsrc\\PageObjects\\Monitor\\TrackingScheduler\\TrackingScheduleUI\\LocateScheduleMainView\\AddEditTrackingSchedulePage.py:110: in set_repeat\n    self.selectDropdownValueByText(self.RepeatDropdown, option)\nsrc\\PageObjects\\BasePage\\BasePage.py:165: in selectDropdownValueByText\n    element = WebDriverWait(self.driver, 10).until(ec.visibility_of_element_located(by_locator))\n_ _ _ _ _ _ _ _ _ _ _ _ _ _ _ _ _ _ _ _ _ _ _ _ _ _ _ _ _ _ _ _ _ _ _ _ _ _ _ _ _ _ _ _ _ _ _ _ _ _ _ _ _ _ _ _ _ _ _ _ _ _ _ _ _ _ _ _ _ _ _ _ _\n\nself = <selenium.webdriver.support.wait.WebDriverWait (session=\"c19f0c9e83f1be18336b4dba86704575\")>\nmethod = <function visibility_of_element_located.<locals>._predicate at 0x0000024B9E470E00>, message = ''\n\n    def until(self, method, message: str = \"\"):\n        \"\"\"Calls the method provided with the driver as an argument until the \\\n        return value does not evaluate to ``False``.\n    \n        :param method: callable(WebDriver)\n        :param message: optional message for :exc:`TimeoutException`\n        :returns: the result of the last call to `method`\n        :raises: :exc:`selenium.common.exceptions.TimeoutException` if timeout occurs\n        \"\"\"\n        screen = None\n        stacktrace = None\n    \n        end_time = time.monotonic() + self._timeout\n        while True:\n            try:\n                value = method(self._driver)\n                if value:\n                    return value\n            except self._ignored_exceptions as exc:\n                screen = getattr(exc, \"screen\", None)\n                stacktrace = getattr(exc, \"stacktrace\", None)\n            time.sleep(self._poll)\n            if time.monotonic() > end_time:\n                break\n>       raise TimeoutException(message, screen, stacktrace)\nE       selenium.common.exceptions.TimeoutException: Message: \nE       Stacktrace:\nE       \tGetHandleVerifier [0x00007FF620304D02+56194]\nE       \t(No symbol) [0x00007FF6202704B2]\nE       \t(No symbol) [0x00007FF6201176AA]\nE       \t(No symbol) [0x00007FF6201616D0]\nE       \t(No symbol) [0x00007FF6201617EC]\nE       \t(No symbol) [0x00007FF6201A4D77]\nE       \t(No symbol) [0x00007FF620185EBF]\nE       \t(No symbol) [0x00007FF6201A2786]\nE       \t(No symbol) [0x00007FF620185C23]\nE       \t(No symbol) [0x00007FF620154A45]\nE       \t(No symbol) [0x00007FF620155AD4]\nE       \tGetHandleVerifier [0x00007FF62067D5BB+3695675]\nE       \tGetHandleVerifier [0x00007FF6206D6197+4059159]\nE       \tGetHandleVerifier [0x00007FF6206CDF63+4025827]\nE       \tGetHandleVerifier [0x00007FF62039F029+687785]\nE       \t(No symbol) [0x00007FF62027B508]\nE       \t(No symbol) [0x00007FF620277564]\nE       \t(No symbol) [0x00007FF6202776E9]\nE       \t(No symbol) [0x00007FF620268094]\nE       \tBaseThreadInitThunk [0x00007FFE5D98257D+29]\nE       \tRtlUserThreadStart [0x00007FFE5F72AA58+40]\n\nvenv\\Lib\\site-packages\\selenium\\webdriver\\support\\wait.py:95: TimeoutException"}, "start": 1707124460005, "stop": 1707124534914, "uuid": "fb999516-6e2f-47e3-8ce9-c818df297a02", "historyId": "009ebcfb1822c5dbe306e83f34824a68", "testCaseId": "009ebcfb1822c5dbe306e83f34824a68", "fullName": "src.Tests.SmokeSanityTestSuite.Monitor.TrackingScheduler.TrackingScheduleUI.AddRecurringScheduler.test_T1097811.Test_Groups#test_GroupsUI", "labels": [{"name": "tag", "value": "testrail(ids=('C33056',))"}, {"name": "tag", "value": "@pytest.mark.usefixtures('setup_driver')"}, {"name": "parentSuite", "value": "src.Tests.SmokeSanityTestSuite.Monitor.TrackingScheduler.TrackingScheduleUI.AddRecurringScheduler"}, {"name": "suite", "value": "test_T1097811"}, {"name": "subSuite", "value": "Test_Groups"}, {"name": "host", "value": "IN-QA-LT-01"}, {"name": "thread", "value": "21556-MainThread"}, {"name": "framework", "value": "pytest"}, {"name": "language", "value": "cpython3"}, {"name": "package", "value": "src.Tests.SmokeSanityTestSuite.Monitor.TrackingScheduler.TrackingScheduleUI.AddRecurringScheduler.test_T1097811"}]}