{"name": "test_ACLPermission", "status": "broken", "statusDetails": {"message": "selenium.common.exceptions.TimeoutException: Message: \nStacktrace:\n\tGetHandleVerifier [0x00007FF7C0C61522+60802]\n\t(No symbol) [0x00007FF7C0BDAC22]\n\t(No symbol) [0x00007FF7C0A97CE4]\n\t(No symbol) [0x00007FF7C0AE6D4D]\n\t(No symbol) [0x00007FF7C0AE6E1C]\n\t(No symbol) [0x00007FF7C0B2CE37]\n\t(No symbol) [0x00007FF7C0B0ABBF]\n\t(No symbol) [0x00007FF7C0B2A224]\n\t(No symbol) [0x00007FF7C0B0A923]\n\t(No symbol) [0x00007FF7C0AD8FEC]\n\t(No symbol) [0x00007FF7C0AD9C21]\n\tGetHandleVerifier [0x00007FF7C0F6413D+3217821]\n\tGetHandleVerifier [0x00007FF7C0FA60D7+3488055]\n\tGetHandleVerifier [0x00007FF7C0F9F05F+3459263]\n\tGetHandleVerifier [0x00007FF7C0D1B866+823494]\n\t(No symbol) [0x00007FF7C0BE5FBF]\n\t(No symbol) [0x00007FF7C0BE0EE4]\n\t(No symbol) [0x00007FF7C0BE1072]\n\t(No symbol) [0x00007FF7C0BD18C4]\n\tBaseThreadInitThunk [0x00007FF802F4257D+29]\n\tRtlUserThreadStart [0x00007FF80460AA58+40]", "trace": "self = <test_T1097398.Test_Schedule object at 0x0000022978A79F90>\n\n    @pytestrail.case('C29693', 'C29694', 'C29695', 'C29696')\n    def test_ACLPermission(self):\n        self.loginPage = LoginPage(self.driver)\n        self.loginPage.user_login(\"test-web-automation-child\", \"m101\", \"Test@123\")\n        self.monitorPage = MonitorPage(self.driver)\n        page_found = self.monitorPage.getPageTitle(\"Monitor\")\n        assert page_found\n        self.leftNavigationPanelPage = LeftNavigationPanelPage(self.driver)\n        self.leftNavigationPanelPage.click_Schedule()\n        self.workOrderPage = WorkOrderPage(self.driver)\n        time.sleep(5)\n        page_found = self.workOrderPage.validate_PageHeader()\n        assert page_found\n        self.workOrderPage.click_LeftPanelOption(\"Automation Rules\")\n        self.automationRulePage = AutomationRulePage(self.driver)\n        time.sleep(2)\n        page_found = self.automationRulePage.validate_PageHeader()\n        assert page_found\n>       assert self.automationRulePage.check_ActionLink_enabled(\"view\", \"manual-clock-in\")\n\nsrc\\Tests\\SmokeSanityTestSuite\\ACL_Impact\\SubmitGreyedOutButtonACLPermission\\test_T1097398.py:40: \n_ _ _ _ _ _ _ _ _ _ _ _ _ _ _ _ _ _ _ _ _ _ _ _ _ _ _ _ _ _ _ _ _ _ _ _ _ _ _ _ _ _ _ _ _ _ _ _ _ _ _ _ _ _ _ _ _ _ _ _ _ _ _ _ _ _ _ _ _ _ _ _ _\nsrc\\PageObjects\\Schedule\\AutomationRules\\AutomationRulePage.py:196: in check_ActionLink_enabled\n    flag = self.check_ActionLink_disabled(action_link, name)\nsrc\\PageObjects\\Schedule\\AutomationRules\\AutomationRulePage.py:189: in check_ActionLink_disabled\n    attr_value = self.get_AttributeValue(element_locator, \"class\")\nsrc\\PageObjects\\BasePage\\BasePage.py:138: in get_AttributeValue\n    element = WebDriverWait(self.driver, 10).until(ec.visibility_of_element_located(by_locator))\n_ _ _ _ _ _ _ _ _ _ _ _ _ _ _ _ _ _ _ _ _ _ _ _ _ _ _ _ _ _ _ _ _ _ _ _ _ _ _ _ _ _ _ _ _ _ _ _ _ _ _ _ _ _ _ _ _ _ _ _ _ _ _ _ _ _ _ _ _ _ _ _ _\n\nself = <selenium.webdriver.support.wait.WebDriverWait (session=\"fea0bebc3dccfcaf6650c90cb37a2167\")>\nmethod = <function visibility_of_element_located.<locals>._predicate at 0x0000022979149760>, message = ''\n\n    def until(self, method: Callable[[D], Union[Literal[False], T]], message: str = \"\") -> T:\n        \"\"\"Calls the method provided with the driver as an argument until the \\\n        return value does not evaluate to ``False``.\n    \n        :param method: callable(WebDriver)\n        :param message: optional message for :exc:`TimeoutException`\n        :returns: the result of the last call to `method`\n        :raises: :exc:`selenium.common.exceptions.TimeoutException` if timeout occurs\n        \"\"\"\n        screen = None\n        stacktrace = None\n    \n        end_time = time.monotonic() + self._timeout\n        while True:\n            try:\n                value = method(self._driver)\n                if value:\n                    return value\n            except self._ignored_exceptions as exc:\n                screen = getattr(exc, \"screen\", None)\n                stacktrace = getattr(exc, \"stacktrace\", None)\n            time.sleep(self._poll)\n            if time.monotonic() > end_time:\n                break\n>       raise TimeoutException(message, screen, stacktrace)\nE       selenium.common.exceptions.TimeoutException: Message: \nE       Stacktrace:\nE       \tGetHandleVerifier [0x00007FF7C0C61522+60802]\nE       \t(No symbol) [0x00007FF7C0BDAC22]\nE       \t(No symbol) [0x00007FF7C0A97CE4]\nE       \t(No symbol) [0x00007FF7C0AE6D4D]\nE       \t(No symbol) [0x00007FF7C0AE6E1C]\nE       \t(No symbol) [0x00007FF7C0B2CE37]\nE       \t(No symbol) [0x00007FF7C0B0ABBF]\nE       \t(No symbol) [0x00007FF7C0B2A224]\nE       \t(No symbol) [0x00007FF7C0B0A923]\nE       \t(No symbol) [0x00007FF7C0AD8FEC]\nE       \t(No symbol) [0x00007FF7C0AD9C21]\nE       \tGetHandleVerifier [0x00007FF7C0F6413D+3217821]\nE       \tGetHandleVerifier [0x00007FF7C0FA60D7+3488055]\nE       \tGetHandleVerifier [0x00007FF7C0F9F05F+3459263]\nE       \tGetHandleVerifier [0x00007FF7C0D1B866+823494]\nE       \t(No symbol) [0x00007FF7C0BE5FBF]\nE       \t(No symbol) [0x00007FF7C0BE0EE4]\nE       \t(No symbol) [0x00007FF7C0BE1072]\nE       \t(No symbol) [0x00007FF7C0BD18C4]\nE       \tBaseThreadInitThunk [0x00007FF802F4257D+29]\nE       \tRtlUserThreadStart [0x00007FF80460AA58+40]\n\nvenv\\Lib\\site-packages\\selenium\\webdriver\\support\\wait.py:105: TimeoutException"}, "start": 1713935495759, "stop": 1713935518824, "uuid": "3f5fd230-dc68-4ee4-af2f-1f3107f2d6bd", "historyId": "014d38b1addd7794e192200dddea5e53", "testCaseId": "014d38b1addd7794e192200dddea5e53", "fullName": "src.Tests.SmokeSanityTestSuite.ACL_Impact.SubmitGreyedOutButtonACLPermission.test_T1097398.Test_Schedule#test_ACLPermission", "labels": [{"name": "tag", "value": "testrail(ids=('C29693', 'C29694', 'C29695', 'C29696'))"}, {"name": "tag", "value": "@pytest.mark.usefixtures('setup_driver')"}, {"name": "parentSuite", "value": "src.Tests.SmokeSanityTestSuite.ACL_Impact.SubmitGreyedOutButtonACLPermission"}, {"name": "suite", "value": "test_T1097398"}, {"name": "subSuite", "value": "Test_Schedule"}, {"name": "host", "value": "IN-QA-LT-01"}, {"name": "thread", "value": "336072-MainThread"}, {"name": "framework", "value": "pytest"}, {"name": "language", "value": "cpython3"}, {"name": "package", "value": "src.Tests.SmokeSanityTestSuite.ACL_Impact.SubmitGreyedOutButtonACLPermission.test_T1097398"}]}