{"name": "test_ACLPermission", "status": "broken", "statusDetails": {"message": "selenium.common.exceptions.TimeoutException: Message: \nStacktrace:\n\tGetHandleVerifier [0x00007FF7A3517032+63090]\n\t(No symbol) [0x00007FF7A3482C82]\n\t(No symbol) [0x00007FF7A331EC65]\n\t(No symbol) [0x00007FF7A336499D]\n\t(No symbol) [0x00007FF7A3364ADC]\n\t(No symbol) [0x00007FF7A33A5B37]\n\t(No symbol) [0x00007FF7A338701F]\n\t(No symbol) [0x00007FF7A33A3412]\n\t(No symbol) [0x00007FF7A3386D83]\n\t(No symbol) [0x00007FF7A33583A8]\n\t(No symbol) [0x00007FF7A3359441]\n\tGetHandleVerifier [0x00007FF7A39125AD+4238317]\n\tGetHandleVerifier [0x00007FF7A394F70D+4488525]\n\tGetHandleVerifier [0x00007FF7A39479EF+4456495]\n\tGetHandleVerifier [0x00007FF7A35F0576+953270]\n\t(No symbol) [0x00007FF7A348E54F]\n\t(No symbol) [0x00007FF7A3489224]\n\t(No symbol) [0x00007FF7A348935B]\n\t(No symbol) [0x00007FF7A3479B94]\n\tBaseThreadInitThunk [0x00007FF802F4257D+29]\n\tRtlUserThreadStart [0x00007FF80460AA58+40]", "trace": "self = <test_T1097398.Test_Schedule object at 0x000001D7FF3221D0>\n\n    @pytestrail.case('C29693', 'C29694', 'C29695', 'C29696')\n    def test_ACLPermission(self):\n        self.loginPage = LoginPage(self.driver)\n        self.loginPage.user_login(\"test-web-automation-child\", \"m101\", \"Test@123\")\n        self.monitorPage = MonitorPage(self.driver)\n        page_found = self.monitorPage.getPageTitle(\"Monitor\")\n        assert page_found\n        self.leftNavigationPanelPage = LeftNavigationPanelPage(self.driver)\n        self.leftNavigationPanelPage.click_Schedule()\n        self.workOrderPage = WorkOrderPage(self.driver)\n        time.sleep(5)\n        page_found = self.workOrderPage.validate_PageHeader()\n        assert page_found\n        self.workOrderPage.click_LeftPanelOption(\"Automation Rules\")\n        self.automationRulePage = AutomationRulePage(self.driver)\n        time.sleep(2)\n        page_found = self.automationRulePage.validate_PageHeader()\n        assert page_found\n>       assert self.automationRulePage.check_ActionLink_enabled(\"view\", \"manual-clock-in\")\n\nsrc\\Tests\\SmokeSanityTestSuite\\ACL_Impact\\SubmitGreyedOutButtonACLPermission\\test_T1097398.py:40: \n_ _ _ _ _ _ _ _ _ _ _ _ _ _ _ _ _ _ _ _ _ _ _ _ _ _ _ _ _ _ _ _ _ _ _ _ _ _ _ _ _ _ _ _ _ _ _ _ _ _ _ _ _ _ _ _ _ _ _ _ _ _ _ _ _ _ _ _ _ _ _ _ _\nsrc\\PageObjects\\Schedule\\AutomationRules\\AutomationRulePage.py:196: in check_ActionLink_enabled\n    flag = self.check_ActionLink_disabled(action_link, name)\nsrc\\PageObjects\\Schedule\\AutomationRules\\AutomationRulePage.py:189: in check_ActionLink_disabled\n    attr_value = self.get_AttributeValue(element_locator, \"class\")\nsrc\\PageObjects\\BasePage\\BasePage.py:138: in get_AttributeValue\n    element = WebDriverWait(self.driver, 10).until(ec.visibility_of_element_located(by_locator))\n_ _ _ _ _ _ _ _ _ _ _ _ _ _ _ _ _ _ _ _ _ _ _ _ _ _ _ _ _ _ _ _ _ _ _ _ _ _ _ _ _ _ _ _ _ _ _ _ _ _ _ _ _ _ _ _ _ _ _ _ _ _ _ _ _ _ _ _ _ _ _ _ _\n\nself = <selenium.webdriver.support.wait.WebDriverWait (session=\"2dd59ffc18050a0833abfcbafa0bf389\")>\nmethod = <function visibility_of_element_located.<locals>._predicate at 0x000001D7FFD84180>, message = ''\n\n    def until(self, method: Callable[[D], Union[Literal[False], T]], message: str = \"\") -> T:\n        \"\"\"Calls the method provided with the driver as an argument until the \\\n        return value does not evaluate to ``False``.\n    \n        :param method: callable(WebDriver)\n        :param message: optional message for :exc:`TimeoutException`\n        :returns: the result of the last call to `method`\n        :raises: :exc:`selenium.common.exceptions.TimeoutException` if timeout occurs\n        \"\"\"\n        screen = None\n        stacktrace = None\n    \n        end_time = time.monotonic() + self._timeout\n        while True:\n            try:\n                value = method(self._driver)\n                if value:\n                    return value\n            except self._ignored_exceptions as exc:\n                screen = getattr(exc, \"screen\", None)\n                stacktrace = getattr(exc, \"stacktrace\", None)\n            time.sleep(self._poll)\n            if time.monotonic() > end_time:\n                break\n>       raise TimeoutException(message, screen, stacktrace)\nE       selenium.common.exceptions.TimeoutException: Message: \nE       Stacktrace:\nE       \tGetHandleVerifier [0x00007FF7A3517032+63090]\nE       \t(No symbol) [0x00007FF7A3482C82]\nE       \t(No symbol) [0x00007FF7A331EC65]\nE       \t(No symbol) [0x00007FF7A336499D]\nE       \t(No symbol) [0x00007FF7A3364ADC]\nE       \t(No symbol) [0x00007FF7A33A5B37]\nE       \t(No symbol) [0x00007FF7A338701F]\nE       \t(No symbol) [0x00007FF7A33A3412]\nE       \t(No symbol) [0x00007FF7A3386D83]\nE       \t(No symbol) [0x00007FF7A33583A8]\nE       \t(No symbol) [0x00007FF7A3359441]\nE       \tGetHandleVerifier [0x00007FF7A39125AD+4238317]\nE       \tGetHandleVerifier [0x00007FF7A394F70D+4488525]\nE       \tGetHandleVerifier [0x00007FF7A39479EF+4456495]\nE       \tGetHandleVerifier [0x00007FF7A35F0576+953270]\nE       \t(No symbol) [0x00007FF7A348E54F]\nE       \t(No symbol) [0x00007FF7A3489224]\nE       \t(No symbol) [0x00007FF7A348935B]\nE       \t(No symbol) [0x00007FF7A3479B94]\nE       \tBaseThreadInitThunk [0x00007FF802F4257D+29]\nE       \tRtlUserThreadStart [0x00007FF80460AA58+40]\n\nvenv\\Lib\\site-packages\\selenium\\webdriver\\support\\wait.py:105: TimeoutException"}, "start": 1713330785762, "stop": 1713330809513, "uuid": "78de1da6-d8af-4c0c-87bf-d7794da0fca5", "historyId": "014d38b1addd7794e192200dddea5e53", "testCaseId": "014d38b1addd7794e192200dddea5e53", "fullName": "src.Tests.SmokeSanityTestSuite.ACL_Impact.SubmitGreyedOutButtonACLPermission.test_T1097398.Test_Schedule#test_ACLPermission", "labels": [{"name": "tag", "value": "testrail(ids=('C29693', 'C29694', 'C29695', 'C29696'))"}, {"name": "tag", "value": "@pytest.mark.usefixtures('setup_driver')"}, {"name": "parentSuite", "value": "src.Tests.SmokeSanityTestSuite.ACL_Impact.SubmitGreyedOutButtonACLPermission"}, {"name": "suite", "value": "test_T1097398"}, {"name": "subSuite", "value": "Test_Schedule"}, {"name": "host", "value": "IN-QA-LT-01"}, {"name": "thread", "value": "263824-MainThread"}, {"name": "framework", "value": "pytest"}, {"name": "language", "value": "cpython3"}, {"name": "package", "value": "src.Tests.SmokeSanityTestSuite.ACL_Impact.SubmitGreyedOutButtonACLPermission.test_T1097398"}]}