{"name": "test_addEmployee", "status": "broken", "statusDetails": {"message": "selenium.common.exceptions.TimeoutException: Message: \nStacktrace:\n\tGetHandleVerifier [0x00007FF7E12B1572+60802]\n\t(No symbol) [0x00007FF7E122AC72]\n\t(No symbol) [0x00007FF7E10E7CE4]\n\t(No symbol) [0x00007FF7E1136D4D]\n\t(No symbol) [0x00007FF7E1136E1C]\n\t(No symbol) [0x00007FF7E117CE37]\n\t(No symbol) [0x00007FF7E115ABBF]\n\t(No symbol) [0x00007FF7E117A224]\n\t(No symbol) [0x00007FF7E115A923]\n\t(No symbol) [0x00007FF7E1128FEC]\n\t(No symbol) [0x00007FF7E1129C21]\n\tGetHandleVerifier [0x00007FF7E15B420D+3217949]\n\tGetHandleVerifier [0x00007FF7E15F61A7+3488183]\n\tGetHandleVerifier [0x00007FF7E15EF12F+3459391]\n\tGetHandleVerifier [0x00007FF7E136B936+823622]\n\t(No symbol) [0x00007FF7E123600F]\n\t(No symbol) [0x00007FF7E1230F34]\n\t(No symbol) [0x00007FF7E12310C2]\n\t(No symbol) [0x00007FF7E1221914]\n\tBaseThreadInitThunk [0x00007FFB4F9C257D+29]\n\tRtlUserThreadStart [0x00007FFB50B2AA58+40]", "trace": "self = <src.Tests.SmokeSanityTestSuite.Company.Groups.GroupsUI.test_T1096895.Test_Company object at 0x000002E7E0BD6450>\n\n    @pytestrail.case('C24921', 'C24922')\n    def test_addEmployee(self):\n        self.loginPage = LoginPage(self.driver)\n        self.loginPage.user_login(config.AccoundID, config.UserName, config.Password)\n        self.monitorPage = MonitorPage(self.driver)\n        page_found = self.monitorPage.getPageTitle(\"Monitor\")\n        assert page_found\n        self.monitorPage.switch_to_ChildAccount()\n        time.sleep(2)\n        self.leftNavigationPanelPage = LeftNavigationPanelPage(self.driver)\n        self.leftNavigationPanelPage.click_Company()\n        self.employeesPage = EmployeesPage(self.driver)\n        time.sleep(5)\n        page_found = self.employeesPage.validate_page_title()\n        assert page_found\n        self.employeesPage.click_company_icon(\"Group\")\n        self.groupsPage = GroupsPage(self.driver)\n        time.sleep(5)\n        page_found = self.groupsPage.get_page_title()\n        assert page_found\n        self.groupsPage.click_AddNew()\n        self.addEditGroupPage = AddEditGroupPage(self.driver)\n        assert self.addEditGroupPage.validate_Add_Group_Modal()\n        groupName = self.employeesPage.generate_random_string(5)\n        groupId = self.employeesPage.generate_random_string(5)\n        self.addEditGroupPage.add_group(groupId, groupName)\n        assert self.addEditGroupPage.validate_SuccessUpdateMessage(\"successfully\")\n        time.sleep(2)\n        self.employeesPage.click_company_icon(\"Managers\")\n        self.managersPage = ManagersPage(self.driver)\n        self.managersPage.click_edit_for_ManagerID(\"m101\")\n        self.editManagersPage = EditManagersPage(self.driver)\n        self.editManagersPage.validateHeaderTitle()\n        time.sleep(2)\n        self.editManagersPage.set_ACL_for(\"Group Administration\", \"Edit\")\n        #self.editManagersPage.set_ACL_for(\"Group Administration\", \"Add\")\n        self.editManagersPage.click_saveBtn()\n        time.sleep(2)\n        self.editManagersPage.click_Cancel()\n        time.sleep(2)\n        self.managersPage.logout_user()\n        time.sleep(2)\n        self.loginPage.user_login(\"test-web-automation-child\", \"m101\", \"Test@123\")\n        time.sleep(2)\n        self.leftNavigationPanelPage.click_Company()\n        page_found = self.employeesPage.validate_page_title()\n        assert page_found\n        self.employeesPage.click_company_icon(\"Group\")\n        time.sleep(5)\n        page_found = self.groupsPage.get_page_title()\n        assert page_found\n>       assert self.groupsPage.check_ActionLink_enabled(\"view\", groupId)\n\nsrc\\Tests\\SmokeSanityTestSuite\\Company\\Groups\\GroupsUI\\test_T1096895.py:70: \n_ _ _ _ _ _ _ _ _ _ _ _ _ _ _ _ _ _ _ _ _ _ _ _ _ _ _ _ _ _ _ _ _ _ _ _ _ _ _ _ _ _ _ _ _ _ _ _ _ _ _ _ _ _ _ _ _ _ _ _ _ _ _ _ _ _ _ _ _ _ _ _ _\nsrc\\PageObjects\\Company\\Groups\\GroupsUI\\GroupsPage.py:83: in check_ActionLink_enabled\n    flag = self.check_ActionLink_disabled(action_link, name)\nsrc\\PageObjects\\Company\\Groups\\GroupsUI\\GroupsPage.py:77: in check_ActionLink_disabled\n    attr_value = self.get_AttributeValue(element_locator, \"class\")\nsrc\\PageObjects\\BasePage\\BasePage.py:138: in get_AttributeValue\n    element = WebDriverWait(self.driver, 10).until(ec.visibility_of_element_located(by_locator))\n_ _ _ _ _ _ _ _ _ _ _ _ _ _ _ _ _ _ _ _ _ _ _ _ _ _ _ _ _ _ _ _ _ _ _ _ _ _ _ _ _ _ _ _ _ _ _ _ _ _ _ _ _ _ _ _ _ _ _ _ _ _ _ _ _ _ _ _ _ _ _ _ _\n\nself = <selenium.webdriver.support.wait.WebDriverWait (session=\"9be79d2fee100565cdfde63a35802f74\")>\nmethod = <function visibility_of_element_located.<locals>._predicate at 0x000002E7E15FCEA0>, message = ''\n\n    def until(self, method: Callable[[D], Union[Literal[False], T]], message: str = \"\") -> T:\n        \"\"\"Calls the method provided with the driver as an argument until the \\\n        return value does not evaluate to ``False``.\n    \n        :param method: callable(WebDriver)\n        :param message: optional message for :exc:`TimeoutException`\n        :returns: the result of the last call to `method`\n        :raises: :exc:`selenium.common.exceptions.TimeoutException` if timeout occurs\n        \"\"\"\n        screen = None\n        stacktrace = None\n    \n        end_time = time.monotonic() + self._timeout\n        while True:\n            try:\n                value = method(self._driver)\n                if value:\n                    return value\n            except self._ignored_exceptions as exc:\n                screen = getattr(exc, \"screen\", None)\n                stacktrace = getattr(exc, \"stacktrace\", None)\n            time.sleep(self._poll)\n            if time.monotonic() > end_time:\n                break\n>       raise TimeoutException(message, screen, stacktrace)\nE       selenium.common.exceptions.TimeoutException: Message: \nE       Stacktrace:\nE       \tGetHandleVerifier [0x00007FF7E12B1572+60802]\nE       \t(No symbol) [0x00007FF7E122AC72]\nE       \t(No symbol) [0x00007FF7E10E7CE4]\nE       \t(No symbol) [0x00007FF7E1136D4D]\nE       \t(No symbol) [0x00007FF7E1136E1C]\nE       \t(No symbol) [0x00007FF7E117CE37]\nE       \t(No symbol) [0x00007FF7E115ABBF]\nE       \t(No symbol) [0x00007FF7E117A224]\nE       \t(No symbol) [0x00007FF7E115A923]\nE       \t(No symbol) [0x00007FF7E1128FEC]\nE       \t(No symbol) [0x00007FF7E1129C21]\nE       \tGetHandleVerifier [0x00007FF7E15B420D+3217949]\nE       \tGetHandleVerifier [0x00007FF7E15F61A7+3488183]\nE       \tGetHandleVerifier [0x00007FF7E15EF12F+3459391]\nE       \tGetHandleVerifier [0x00007FF7E136B936+823622]\nE       \t(No symbol) [0x00007FF7E123600F]\nE       \t(No symbol) [0x00007FF7E1230F34]\nE       \t(No symbol) [0x00007FF7E12310C2]\nE       \t(No symbol) [0x00007FF7E1221914]\nE       \tBaseThreadInitThunk [0x00007FFB4F9C257D+29]\nE       \tRtlUserThreadStart [0x00007FFB50B2AA58+40]\n\nvenv\\Lib\\site-packages\\selenium\\webdriver\\support\\wait.py:105: TimeoutException"}, "start": 1715147295823, "stop": 1715147381938, "uuid": "c28f1ff7-fc38-48c2-b618-e1d8582aed2a", "historyId": "4d3e669d8d70ba38c436579400e15aad", "testCaseId": "4d3e669d8d70ba38c436579400e15aad", "fullName": "src.Tests.SmokeSanityTestSuite.Company.Groups.GroupsUI.test_T1096895.Test_Company#test_addEmployee", "labels": [{"name": "tag", "value": "testrail(ids=('C24921', 'C24922'))"}, {"name": "tag", "value": "@pytest.mark.usefixtures('setup_driver')"}, {"name": "parentSuite", "value": "src.Tests.SmokeSanityTestSuite.Company.Groups.GroupsUI"}, {"name": "suite", "value": "test_T1096895"}, {"name": "subSuite", "value": "Test_Company"}, {"name": "host", "value": "IN-QA-LT-01"}, {"name": "thread", "value": "89936-MainThread"}, {"name": "framework", "value": "pytest"}, {"name": "language", "value": "cpython3"}, {"name": "package", "value": "src.Tests.SmokeSanityTestSuite.Company.Groups.GroupsUI.test_T1096895"}]}