{"name": "test_addEmployee", "status": "broken", "statusDetails": {"message": "selenium.common.exceptions.TimeoutException: Message: \nStacktrace:\n\tGetHandleVerifier [0x00007FF7A3517032+63090]\n\t(No symbol) [0x00007FF7A3482C82]\n\t(No symbol) [0x00007FF7A331EC65]\n\t(No symbol) [0x00007FF7A336499D]\n\t(No symbol) [0x00007FF7A3364ADC]\n\t(No symbol) [0x00007FF7A33A5B37]\n\t(No symbol) [0x00007FF7A338701F]\n\t(No symbol) [0x00007FF7A33A3412]\n\t(No symbol) [0x00007FF7A3386D83]\n\t(No symbol) [0x00007FF7A33583A8]\n\t(No symbol) [0x00007FF7A3359441]\n\tGetHandleVerifier [0x00007FF7A39125AD+4238317]\n\tGetHandleVerifier [0x00007FF7A394F70D+4488525]\n\tGetHandleVerifier [0x00007FF7A39479EF+4456495]\n\tGetHandleVerifier [0x00007FF7A35F0576+953270]\n\t(No symbol) [0x00007FF7A348E54F]\n\t(No symbol) [0x00007FF7A3489224]\n\t(No symbol) [0x00007FF7A348935B]\n\t(No symbol) [0x00007FF7A3479B94]\n\tBaseThreadInitThunk [0x00007FF802F4257D+29]\n\tRtlUserThreadStart [0x00007FF80460AA58+40]", "trace": "self = <test_T1097378.Test_Company object at 0x000001D7FF2E6F50>\n\n    @pytestrail.case('C29672', 'C29673', 'C29674')\n    def test_addEmployee(self):\n        self.loginPage = LoginPage(self.driver)\n        self.loginPage.user_login(config.AccoundID, config.UserName, config.Password)\n        self.monitorPage = MonitorPage(self.driver)\n        page_found = self.monitorPage.getPageTitle(\"Monitor\")\n        assert page_found\n        self.monitorPage.switch_to_ChildAccount()\n        time.sleep(2)\n        self.leftNavigationPanelPage = LeftNavigationPanelPage(self.driver)\n        self.leftNavigationPanelPage.click_Company()\n        self.employeesPage = EmployeesPage(self.driver)\n        time.sleep(5)\n        page_found = self.employeesPage.validate_page_title()\n        assert page_found\n        self.employeesPage.click_company_icon(\"Jobsite\")\n        self.jobSitesPage = JobSitesPage(self.driver)\n        time.sleep(5)\n        page_found = self.jobSitesPage.getPageTitle(\"Jobsite\")\n        assert page_found\n        siteName = self.employeesPage.generate_random_string(5)\n        self.jobSitesPage.addJobSite(siteName, \"Noida 201301\")\n        time.sleep(3)\n        assert self.jobSitesPage.validate_SuccessUpdateMessage(\"added successfully\")\n        time.sleep(2)\n        self.employeesPage.click_company_icon(\"Managers\")\n        self.managersPage = ManagersPage(self.driver)\n        self.managersPage.click_edit_for_ManagerID(\"m101\")\n        self.editManagersPage = EditManagersPage(self.driver)\n        self.editManagersPage.validateHeaderTitle()\n        time.sleep(2)\n        self.editManagersPage.set_ACL_for(\"Jobsite\", \"Edit\")\n        #self.editManagersPage.set_ACL_for(\"Jobsite\", \"Add\")\n        self.editManagersPage.click_saveBtn()\n        time.sleep(2)\n        self.editManagersPage.click_Cancel()\n        time.sleep(2)\n        self.managersPage.logout_user()\n        time.sleep(2)\n        self.loginPage.user_login(\"test-web-automation-child\", \"m101\", \"Test@123\")\n        time.sleep(2)\n        self.leftNavigationPanelPage.click_Company()\n        page_found = self.employeesPage.validate_page_title()\n        assert page_found\n        self.employeesPage.click_company_icon(\"Jobsite\")\n        time.sleep(5)\n        page_found = self.jobSitesPage.getPageTitle(\"Jobsite\")\n        assert page_found\n>       assert self.jobSitesPage.check_ActionLink_enabled(\"edit\", siteName)\n\nsrc\\Tests\\SmokeSanityTestSuite\\ACL_Impact\\SubmitGreyedOutButtonACLPermission\\test_T1097378.py:68: \n_ _ _ _ _ _ _ _ _ _ _ _ _ _ _ _ _ _ _ _ _ _ _ _ _ _ _ _ _ _ _ _ _ _ _ _ _ _ _ _ _ _ _ _ _ _ _ _ _ _ _ _ _ _ _ _ _ _ _ _ _ _ _ _ _ _ _ _ _ _ _ _ _\nsrc\\PageObjects\\Company\\JobSites\\JobSitesUI\\AddJobSite\\JobSitesPage.py:198: in check_ActionLink_enabled\n    flag = self.check_ActionLink_disabled(action_link, name)\nsrc\\PageObjects\\Company\\JobSites\\JobSitesUI\\AddJobSite\\JobSitesPage.py:192: in check_ActionLink_disabled\n    attr_value = self.get_AttributeValue(element_locator, \"class\")\nsrc\\PageObjects\\BasePage\\BasePage.py:138: in get_AttributeValue\n    element = WebDriverWait(self.driver, 10).until(ec.visibility_of_element_located(by_locator))\n_ _ _ _ _ _ _ _ _ _ _ _ _ _ _ _ _ _ _ _ _ _ _ _ _ _ _ _ _ _ _ _ _ _ _ _ _ _ _ _ _ _ _ _ _ _ _ _ _ _ _ _ _ _ _ _ _ _ _ _ _ _ _ _ _ _ _ _ _ _ _ _ _\n\nself = <selenium.webdriver.support.wait.WebDriverWait (session=\"b78e160b01e24b999337663fb957224e\")>\nmethod = <function visibility_of_element_located.<locals>._predicate at 0x000001D7FFD172E0>, message = ''\n\n    def until(self, method: Callable[[D], Union[Literal[False], T]], message: str = \"\") -> T:\n        \"\"\"Calls the method provided with the driver as an argument until the \\\n        return value does not evaluate to ``False``.\n    \n        :param method: callable(WebDriver)\n        :param message: optional message for :exc:`TimeoutException`\n        :returns: the result of the last call to `method`\n        :raises: :exc:`selenium.common.exceptions.TimeoutException` if timeout occurs\n        \"\"\"\n        screen = None\n        stacktrace = None\n    \n        end_time = time.monotonic() + self._timeout\n        while True:\n            try:\n                value = method(self._driver)\n                if value:\n                    return value\n            except self._ignored_exceptions as exc:\n                screen = getattr(exc, \"screen\", None)\n                stacktrace = getattr(exc, \"stacktrace\", None)\n            time.sleep(self._poll)\n            if time.monotonic() > end_time:\n                break\n>       raise TimeoutException(message, screen, stacktrace)\nE       selenium.common.exceptions.TimeoutException: Message: \nE       Stacktrace:\nE       \tGetHandleVerifier [0x00007FF7A3517032+63090]\nE       \t(No symbol) [0x00007FF7A3482C82]\nE       \t(No symbol) [0x00007FF7A331EC65]\nE       \t(No symbol) [0x00007FF7A336499D]\nE       \t(No symbol) [0x00007FF7A3364ADC]\nE       \t(No symbol) [0x00007FF7A33A5B37]\nE       \t(No symbol) [0x00007FF7A338701F]\nE       \t(No symbol) [0x00007FF7A33A3412]\nE       \t(No symbol) [0x00007FF7A3386D83]\nE       \t(No symbol) [0x00007FF7A33583A8]\nE       \t(No symbol) [0x00007FF7A3359441]\nE       \tGetHandleVerifier [0x00007FF7A39125AD+4238317]\nE       \tGetHandleVerifier [0x00007FF7A394F70D+4488525]\nE       \tGetHandleVerifier [0x00007FF7A39479EF+4456495]\nE       \tGetHandleVerifier [0x00007FF7A35F0576+953270]\nE       \t(No symbol) [0x00007FF7A348E54F]\nE       \t(No symbol) [0x00007FF7A3489224]\nE       \t(No symbol) [0x00007FF7A348935B]\nE       \t(No symbol) [0x00007FF7A3479B94]\nE       \tBaseThreadInitThunk [0x00007FF802F4257D+29]\nE       \tRtlUserThreadStart [0x00007FF80460AA58+40]\n\nvenv\\Lib\\site-packages\\selenium\\webdriver\\support\\wait.py:105: TimeoutException"}, "start": 1713330528670, "stop": 1713330616006, "uuid": "6b1efdfd-4ca6-4e01-868b-9804938e1fd2", "historyId": "639b0c89a24c07b445e2e363f9d06227", "testCaseId": "639b0c89a24c07b445e2e363f9d06227", "fullName": "src.Tests.SmokeSanityTestSuite.ACL_Impact.SubmitGreyedOutButtonACLPermission.test_T1097378.Test_Company#test_addEmployee", "labels": [{"name": "tag", "value": "testrail(ids=('C29672', 'C29673', 'C29674'))"}, {"name": "tag", "value": "@pytest.mark.usefixtures('setup_driver')"}, {"name": "parentSuite", "value": "src.Tests.SmokeSanityTestSuite.ACL_Impact.SubmitGreyedOutButtonACLPermission"}, {"name": "suite", "value": "test_T1097378"}, {"name": "subSuite", "value": "Test_Company"}, {"name": "host", "value": "IN-QA-LT-01"}, {"name": "thread", "value": "263824-MainThread"}, {"name": "framework", "value": "pytest"}, {"name": "language", "value": "cpython3"}, {"name": "package", "value": "src.Tests.SmokeSanityTestSuite.ACL_Impact.SubmitGreyedOutButtonACLPermission.test_T1097378"}]}