{"name": "test_ACLPermission", "status": "broken", "statusDetails": {"message": "selenium.common.exceptions.TimeoutException: Message: \nStacktrace:\n\tGetHandleVerifier [0x00007FF7E12B1572+60802]\n\t(No symbol) [0x00007FF7E122AC72]\n\t(No symbol) [0x00007FF7E10E7CE4]\n\t(No symbol) [0x00007FF7E1136D4D]\n\t(No symbol) [0x00007FF7E1136E1C]\n\t(No symbol) [0x00007FF7E117CE37]\n\t(No symbol) [0x00007FF7E115ABBF]\n\t(No symbol) [0x00007FF7E117A224]\n\t(No symbol) [0x00007FF7E115A923]\n\t(No symbol) [0x00007FF7E1128FEC]\n\t(No symbol) [0x00007FF7E1129C21]\n\tGetHandleVerifier [0x00007FF7E15B420D+3217949]\n\tGetHandleVerifier [0x00007FF7E15F61A7+3488183]\n\tGetHandleVerifier [0x00007FF7E15EF12F+3459391]\n\tGetHandleVerifier [0x00007FF7E136B936+823622]\n\t(No symbol) [0x00007FF7E123600F]\n\t(No symbol) [0x00007FF7E1230F34]\n\t(No symbol) [0x00007FF7E12310C2]\n\t(No symbol) [0x00007FF7E1221914]\n\tBaseThreadInitThunk [0x00007FFB4F9C257D+29]\n\tRtlUserThreadStart [0x00007FFB50B2AA58+40]", "trace": "self = <test_T1097398.Test_Schedule object at 0x000002E7E0ABD910>\n\n    @pytestrail.case('C29693', 'C29694', 'C29695', 'C29696')\n    def test_ACLPermission(self):\n        self.loginPage = LoginPage(self.driver)\n        self.loginPage.user_login(\"test-web-automation-child\", \"m101\", \"Test@123\")\n        self.monitorPage = MonitorPage(self.driver)\n        page_found = self.monitorPage.getPageTitle(\"Monitor\")\n        assert page_found\n        self.leftNavigationPanelPage = LeftNavigationPanelPage(self.driver)\n        self.leftNavigationPanelPage.click_Schedule()\n        self.workOrderPage = WorkOrderPage(self.driver)\n        time.sleep(5)\n        page_found = self.workOrderPage.validate_PageHeader()\n        assert page_found\n        self.workOrderPage.click_LeftPanelOption(\"Automation Rules\")\n        self.automationRulePage = AutomationRulePage(self.driver)\n        time.sleep(2)\n        page_found = self.automationRulePage.validate_PageHeader()\n        assert page_found\n>       assert self.automationRulePage.check_ActionLink_enabled(\"view\", \"manual-clock-in\")\n\nsrc\\Tests\\SmokeSanityTestSuite\\ACL_Impact\\SubmitGreyedOutButtonACLPermission\\test_T1097398.py:40: \n_ _ _ _ _ _ _ _ _ _ _ _ _ _ _ _ _ _ _ _ _ _ _ _ _ _ _ _ _ _ _ _ _ _ _ _ _ _ _ _ _ _ _ _ _ _ _ _ _ _ _ _ _ _ _ _ _ _ _ _ _ _ _ _ _ _ _ _ _ _ _ _ _\nsrc\\PageObjects\\Schedule\\AutomationRules\\AutomationRulePage.py:196: in check_ActionLink_enabled\n    flag = self.check_ActionLink_disabled(action_link, name)\nsrc\\PageObjects\\Schedule\\AutomationRules\\AutomationRulePage.py:189: in check_ActionLink_disabled\n    attr_value = self.get_AttributeValue(element_locator, \"class\")\nsrc\\PageObjects\\BasePage\\BasePage.py:138: in get_AttributeValue\n    element = WebDriverWait(self.driver, 10).until(ec.visibility_of_element_located(by_locator))\n_ _ _ _ _ _ _ _ _ _ _ _ _ _ _ _ _ _ _ _ _ _ _ _ _ _ _ _ _ _ _ _ _ _ _ _ _ _ _ _ _ _ _ _ _ _ _ _ _ _ _ _ _ _ _ _ _ _ _ _ _ _ _ _ _ _ _ _ _ _ _ _ _\n\nself = <selenium.webdriver.support.wait.WebDriverWait (session=\"881e93da1e096384473d297053483e66\")>\nmethod = <function visibility_of_element_located.<locals>._predicate at 0x000002E7E1505080>, message = ''\n\n    def until(self, method: Callable[[D], Union[Literal[False], T]], message: str = \"\") -> T:\n        \"\"\"Calls the method provided with the driver as an argument until the \\\n        return value does not evaluate to ``False``.\n    \n        :param method: callable(WebDriver)\n        :param message: optional message for :exc:`TimeoutException`\n        :returns: the result of the last call to `method`\n        :raises: :exc:`selenium.common.exceptions.TimeoutException` if timeout occurs\n        \"\"\"\n        screen = None\n        stacktrace = None\n    \n        end_time = time.monotonic() + self._timeout\n        while True:\n            try:\n                value = method(self._driver)\n                if value:\n                    return value\n            except self._ignored_exceptions as exc:\n                screen = getattr(exc, \"screen\", None)\n                stacktrace = getattr(exc, \"stacktrace\", None)\n            time.sleep(self._poll)\n            if time.monotonic() > end_time:\n                break\n>       raise TimeoutException(message, screen, stacktrace)\nE       selenium.common.exceptions.TimeoutException: Message: \nE       Stacktrace:\nE       \tGetHandleVerifier [0x00007FF7E12B1572+60802]\nE       \t(No symbol) [0x00007FF7E122AC72]\nE       \t(No symbol) [0x00007FF7E10E7CE4]\nE       \t(No symbol) [0x00007FF7E1136D4D]\nE       \t(No symbol) [0x00007FF7E1136E1C]\nE       \t(No symbol) [0x00007FF7E117CE37]\nE       \t(No symbol) [0x00007FF7E115ABBF]\nE       \t(No symbol) [0x00007FF7E117A224]\nE       \t(No symbol) [0x00007FF7E115A923]\nE       \t(No symbol) [0x00007FF7E1128FEC]\nE       \t(No symbol) [0x00007FF7E1129C21]\nE       \tGetHandleVerifier [0x00007FF7E15B420D+3217949]\nE       \tGetHandleVerifier [0x00007FF7E15F61A7+3488183]\nE       \tGetHandleVerifier [0x00007FF7E15EF12F+3459391]\nE       \tGetHandleVerifier [0x00007FF7E136B936+823622]\nE       \t(No symbol) [0x00007FF7E123600F]\nE       \t(No symbol) [0x00007FF7E1230F34]\nE       \t(No symbol) [0x00007FF7E12310C2]\nE       \t(No symbol) [0x00007FF7E1221914]\nE       \tBaseThreadInitThunk [0x00007FFB4F9C257D+29]\nE       \tRtlUserThreadStart [0x00007FFB50B2AA58+40]\n\nvenv\\Lib\\site-packages\\selenium\\webdriver\\support\\wait.py:105: TimeoutException"}, "start": 1715143396518, "stop": 1715143420957, "uuid": "166ff1e3-85fe-45a8-88e1-24a5ee76d0ff", "historyId": "014d38b1addd7794e192200dddea5e53", "testCaseId": "014d38b1addd7794e192200dddea5e53", "fullName": "src.Tests.SmokeSanityTestSuite.ACL_Impact.SubmitGreyedOutButtonACLPermission.test_T1097398.Test_Schedule#test_ACLPermission", "labels": [{"name": "tag", "value": "testrail(ids=('C29693', 'C29694', 'C29695', 'C29696'))"}, {"name": "tag", "value": "@pytest.mark.usefixtures('setup_driver')"}, {"name": "parentSuite", "value": "src.Tests.SmokeSanityTestSuite.ACL_Impact.SubmitGreyedOutButtonACLPermission"}, {"name": "suite", "value": "test_T1097398"}, {"name": "subSuite", "value": "Test_Schedule"}, {"name": "host", "value": "IN-QA-LT-01"}, {"name": "thread", "value": "89936-MainThread"}, {"name": "framework", "value": "pytest"}, {"name": "language", "value": "cpython3"}, {"name": "package", "value": "src.Tests.SmokeSanityTestSuite.ACL_Impact.SubmitGreyedOutButtonACLPermission.test_T1097398"}]}